<?xml version="1.0" encoding="UTF-8"?>
<testsuite xmlns:xsi="http://www.w3.org/2001/XMLSchema-instance" xsi:noNamespaceSchemaLocation="https://maven.apache.org/surefire/maven-surefire-plugin/xsd/surefire-test-report.xsd" name="com.cmd.hms.patient.test.PatientStatusTypeTest" time="0.199" tests="8" errors="0" skipped="0" failures="0">
  <properties>
    <property name="java.specification.version" value="17"/>
    <property name="sun.jnu.encoding" value="UTF-8"/>
    <property name="java.class.path" value="/home/remi/Documents/QMUL/Dissertation/Code/patient/api/target/test-classes:/home/remi/Documents/QMUL/Dissertation/Code/patient/api/target/classes:/home/remi/.m2/repository/org/springframework/spring-test/5.2.22.RELEASE/spring-test-5.2.22.RELEASE.jar:/home/remi/.m2/repository/org/springframework/spring-core/5.2.7.RELEASE/spring-core-5.2.7.RELEASE.jar:/home/remi/.m2/repository/org/springframework/spring-jcl/5.2.7.RELEASE/spring-jcl-5.2.7.RELEASE.jar:/home/remi/.m2/repository/org/springframework/spring-context/5.2.22.RELEASE/spring-context-5.2.22.RELEASE.jar:/home/remi/.m2/repository/org/springframework/spring-aop/5.2.7.RELEASE/spring-aop-5.2.7.RELEASE.jar:/home/remi/.m2/repository/org/springframework/spring-expression/5.2.7.RELEASE/spring-expression-5.2.7.RELEASE.jar:/home/remi/.m2/repository/org/springframework/spring-beans/5.2.22.RELEASE/spring-beans-5.2.22.RELEASE.jar:/home/remi/.m2/repository/org/springframework/boot/spring-boot-autoconfigure/2.3.1.RELEASE/spring-boot-autoconfigure-2.3.1.RELEASE.jar:/home/remi/.m2/repository/org/springframework/boot/spring-boot/2.3.1.RELEASE/spring-boot-2.3.1.RELEASE.jar:/home/remi/.m2/repository/org/springframework/boot/spring-boot-test/2.3.1.RELEASE/spring-boot-test-2.3.1.RELEASE.jar:/home/remi/.m2/repository/org/springframework/boot/spring-boot-starter/2.7.0/spring-boot-starter-2.7.0.jar:/home/remi/.m2/repository/org/springframework/boot/spring-boot-starter-logging/2.3.1.RELEASE/spring-boot-starter-logging-2.3.1.RELEASE.jar:/home/remi/.m2/repository/ch/qos/logback/logback-classic/1.2.3/logback-classic-1.2.3.jar:/home/remi/.m2/repository/ch/qos/logback/logback-core/1.2.3/logback-core-1.2.3.jar:/home/remi/.m2/repository/org/apache/logging/log4j/log4j-to-slf4j/2.13.3/log4j-to-slf4j-2.13.3.jar:/home/remi/.m2/repository/org/apache/logging/log4j/log4j-api/2.13.3/log4j-api-2.13.3.jar:/home/remi/.m2/repository/org/slf4j/jul-to-slf4j/1.7.30/jul-to-slf4j-1.7.30.jar:/home/remi/.m2/repository/jakarta/annotation/jakarta.annotation-api/1.3.5/jakarta.annotation-api-1.3.5.jar:/home/remi/.m2/repository/org/yaml/snakeyaml/1.26/snakeyaml-1.26.jar:/home/remi/.m2/repository/org/springframework/boot/spring-boot-maven-plugin/2.7.0/spring-boot-maven-plugin-2.7.0.jar:/home/remi/.m2/repository/org/springframework/boot/spring-boot-buildpack-platform/2.3.1.RELEASE/spring-boot-buildpack-platform-2.3.1.RELEASE.jar:/home/remi/.m2/repository/com/fasterxml/jackson/module/jackson-module-parameter-names/2.11.0/jackson-module-parameter-names-2.11.0.jar:/home/remi/.m2/repository/net/java/dev/jna/jna-platform/5.5.0/jna-platform-5.5.0.jar:/home/remi/.m2/repository/net/java/dev/jna/jna/5.5.0/jna-5.5.0.jar:/home/remi/.m2/repository/org/apache/commons/commons-compress/1.19/commons-compress-1.19.jar:/home/remi/.m2/repository/org/springframework/boot/spring-boot-loader-tools/2.3.1.RELEASE/spring-boot-loader-tools-2.3.1.RELEASE.jar:/home/remi/.m2/repository/org/sonatype/plexus/plexus-build-api/0.0.7/plexus-build-api-0.0.7.jar:/home/remi/.m2/repository/org/codehaus/plexus/plexus-utils/1.5.8/plexus-utils-1.5.8.jar:/home/remi/.m2/repository/org/springframework/boot/spring-boot-starter-web/2.7.0/spring-boot-starter-web-2.7.0.jar:/home/remi/.m2/repository/org/springframework/boot/spring-boot-starter-json/2.3.1.RELEASE/spring-boot-starter-json-2.3.1.RELEASE.jar:/home/remi/.m2/repository/com/fasterxml/jackson/datatype/jackson-datatype-jdk8/2.11.0/jackson-datatype-jdk8-2.11.0.jar:/home/remi/.m2/repository/com/fasterxml/jackson/datatype/jackson-datatype-jsr310/2.11.0/jackson-datatype-jsr310-2.11.0.jar:/home/remi/.m2/repository/org/springframework/boot/spring-boot-starter-tomcat/2.3.1.RELEASE/spring-boot-starter-tomcat-2.3.1.RELEASE.jar:/home/remi/.m2/repository/org/glassfish/jakarta.el/3.0.3/jakarta.el-3.0.3.jar:/home/remi/.m2/repository/org/apache/tomcat/embed/tomcat-embed-websocket/9.0.36/tomcat-embed-websocket-9.0.36.jar:/home/remi/.m2/repository/org/springframework/spring-web/5.2.7.RELEASE/spring-web-5.2.7.RELEASE.jar:/home/remi/.m2/repository/org/springframework/spring-webmvc/5.2.7.RELEASE/spring-webmvc-5.2.7.RELEASE.jar:/home/remi/.m2/repository/org/springframework/boot/spring-boot-starter-data-jpa/2.7.0/spring-boot-starter-data-jpa-2.7.0.jar:/home/remi/.m2/repository/org/springframework/boot/spring-boot-starter-aop/2.3.1.RELEASE/spring-boot-starter-aop-2.3.1.RELEASE.jar:/home/remi/.m2/repository/org/aspectj/aspectjweaver/1.9.5/aspectjweaver-1.9.5.jar:/home/remi/.m2/repository/org/springframework/boot/spring-boot-starter-jdbc/2.3.1.RELEASE/spring-boot-starter-jdbc-2.3.1.RELEASE.jar:/home/remi/.m2/repository/com/zaxxer/HikariCP/3.4.5/HikariCP-3.4.5.jar:/home/remi/.m2/repository/org/springframework/spring-jdbc/5.2.7.RELEASE/spring-jdbc-5.2.7.RELEASE.jar:/home/remi/.m2/repository/jakarta/transaction/jakarta.transaction-api/1.3.3/jakarta.transaction-api-1.3.3.jar:/home/remi/.m2/repository/jakarta/persistence/jakarta.persistence-api/2.2.3/jakarta.persistence-api-2.2.3.jar:/home/remi/.m2/repository/org/springframework/data/spring-data-jpa/2.3.1.RELEASE/spring-data-jpa-2.3.1.RELEASE.jar:/home/remi/.m2/repository/org/springframework/data/spring-data-commons/2.3.1.RELEASE/spring-data-commons-2.3.1.RELEASE.jar:/home/remi/.m2/repository/org/springframework/spring-orm/5.2.7.RELEASE/spring-orm-5.2.7.RELEASE.jar:/home/remi/.m2/repository/org/springframework/spring-tx/5.2.7.RELEASE/spring-tx-5.2.7.RELEASE.jar:/home/remi/.m2/repository/org/aspectj/aspectjrt/1.9.5/aspectjrt-1.9.5.jar:/home/remi/.m2/repository/org/springframework/spring-aspects/5.2.7.RELEASE/spring-aspects-5.2.7.RELEASE.jar:/home/remi/.m2/repository/org/springframework/boot/spring-boot-starter-test/2.7.0/spring-boot-starter-test-2.7.0.jar:/home/remi/.m2/repository/org/springframework/boot/spring-boot-test-autoconfigure/2.3.1.RELEASE/spring-boot-test-autoconfigure-2.3.1.RELEASE.jar:/home/remi/.m2/repository/com/jayway/jsonpath/json-path/2.4.0/json-path-2.4.0.jar:/home/remi/.m2/repository/net/minidev/json-smart/2.3/json-smart-2.3.jar:/home/remi/.m2/repository/net/minidev/accessors-smart/1.2/accessors-smart-1.2.jar:/home/remi/.m2/repository/org/ow2/asm/asm/5.0.4/asm-5.0.4.jar:/home/remi/.m2/repository/jakarta/xml/bind/jakarta.xml.bind-api/2.3.3/jakarta.xml.bind-api-2.3.3.jar:/home/remi/.m2/repository/jakarta/activation/jakarta.activation-api/1.2.2/jakarta.activation-api-1.2.2.jar:/home/remi/.m2/repository/org/hamcrest/hamcrest/2.2/hamcrest-2.2.jar:/home/remi/.m2/repository/org/junit/jupiter/junit-jupiter/5.6.2/junit-jupiter-5.6.2.jar:/home/remi/.m2/repository/org/junit/jupiter/junit-jupiter-params/5.6.2/junit-jupiter-params-5.6.2.jar:/home/remi/.m2/repository/org/junit/jupiter/junit-jupiter-engine/5.6.2/junit-jupiter-engine-5.6.2.jar:/home/remi/.m2/repository/org/junit/platform/junit-platform-engine/1.6.2/junit-platform-engine-1.6.2.jar:/home/remi/.m2/repository/org/mockito/mockito-core/3.3.3/mockito-core-3.3.3.jar:/home/remi/.m2/repository/net/bytebuddy/byte-buddy-agent/1.10.11/byte-buddy-agent-1.10.11.jar:/home/remi/.m2/repository/org/objenesis/objenesis/2.6/objenesis-2.6.jar:/home/remi/.m2/repository/org/mockito/mockito-junit-jupiter/3.3.3/mockito-junit-jupiter-3.3.3.jar:/home/remi/.m2/repository/org/skyscreamer/jsonassert/1.5.0/jsonassert-1.5.0.jar:/home/remi/.m2/repository/com/vaadin/external/google/android-json/0.0.20131108.vaadin1/android-json-0.0.20131108.vaadin1.jar:/home/remi/.m2/repository/org/xmlunit/xmlunit-core/2.7.0/xmlunit-core-2.7.0.jar:/home/remi/.m2/repository/org/springframework/boot/spring-boot-starter-jersey/2.7.0/spring-boot-starter-jersey-2.7.0.jar:/home/remi/.m2/repository/org/glassfish/jersey/containers/jersey-container-servlet-core/2.30.1/jersey-container-servlet-core-2.30.1.jar:/home/remi/.m2/repository/org/glassfish/jersey/containers/jersey-container-servlet/2.30.1/jersey-container-servlet-2.30.1.jar:/home/remi/.m2/repository/org/glassfish/jersey/ext/jersey-bean-validation/2.30.1/jersey-bean-validation-2.30.1.jar:/home/remi/.m2/repository/org/glassfish/jersey/ext/jersey-spring5/2.30.1/jersey-spring5-2.30.1.jar:/home/remi/.m2/repository/org/glassfish/jersey/inject/jersey-hk2/2.30.1/jersey-hk2-2.30.1.jar:/home/remi/.m2/repository/org/glassfish/hk2/hk2-locator/2.6.1/hk2-locator-2.6.1.jar:/home/remi/.m2/repository/org/glassfish/hk2/hk2/2.6.1/hk2-2.6.1.jar:/home/remi/.m2/repository/org/glassfish/hk2/hk2-core/2.6.1/hk2-core-2.6.1.jar:/home/remi/.m2/repository/org/glassfish/hk2/hk2-runlevel/2.6.1/hk2-runlevel-2.6.1.jar:/home/remi/.m2/repository/org/glassfish/hk2/class-model/2.6.1/class-model-2.6.1.jar:/home/remi/.m2/repository/org/ow2/asm/asm-analysis/7.1/asm-analysis-7.1.jar:/home/remi/.m2/repository/org/ow2/asm/asm-commons/7.1/asm-commons-7.1.jar:/home/remi/.m2/repository/org/ow2/asm/asm-tree/7.1/asm-tree-7.1.jar:/home/remi/.m2/repository/org/ow2/asm/asm-util/7.1/asm-util-7.1.jar:/home/remi/.m2/repository/org/glassfish/hk2/spring-bridge/2.6.1/spring-bridge-2.6.1.jar:/home/remi/.m2/repository/org/glassfish/jersey/media/jersey-media-json-jackson/2.30.1/jersey-media-json-jackson-2.30.1.jar:/home/remi/.m2/repository/org/glassfish/jersey/ext/jersey-entity-filtering/2.30.1/jersey-entity-filtering-2.30.1.jar:/home/remi/.m2/repository/com/fasterxml/jackson/module/jackson-module-jaxb-annotations/2.11.0/jackson-module-jaxb-annotations-2.11.0.jar:/home/remi/.m2/repository/org/springframework/boot/spring-boot-starter-validation/2.7.0/spring-boot-starter-validation-2.7.0.jar:/home/remi/.m2/repository/org/apache/tomcat/embed/tomcat-embed-el/9.0.36/tomcat-embed-el-9.0.36.jar:/home/remi/.m2/repository/org/hibernate/validator/hibernate-validator/6.1.5.Final/hibernate-validator-6.1.5.Final.jar:/home/remi/.m2/repository/org/apache/tomcat/embed/tomcat-embed-core/9.0.64/tomcat-embed-core-9.0.64.jar:/home/remi/.m2/repository/org/apache/tomcat/tomcat-annotations-api/9.0.36/tomcat-annotations-api-9.0.36.jar:/home/remi/.m2/repository/org/apache/olingo/olingo-odata2-api/2.0.12/olingo-odata2-api-2.0.12.jar:/home/remi/.m2/repository/org/apache/olingo/olingo-odata2-jpa-processor-api/2.0.12/olingo-odata2-jpa-processor-api-2.0.12.jar:/home/remi/.m2/repository/org/apache/olingo/olingo-odata2-core/2.0.12/olingo-odata2-core-2.0.12.jar:/home/remi/.m2/repository/commons-codec/commons-codec/1.14/commons-codec-1.14.jar:/home/remi/.m2/repository/com/google/code/gson/gson/2.8.6/gson-2.8.6.jar:/home/remi/.m2/repository/org/apache/olingo/olingo-odata2-jpa-processor-core/2.0.12/olingo-odata2-jpa-processor-core-2.0.12.jar:/home/remi/.m2/repository/org/apache/olingo/olingo-odata2-api-annotation/2.0.12/olingo-odata2-api-annotation-2.0.12.jar:/home/remi/.m2/repository/org/apache/olingo/odata-client-core/4.9.0/odata-client-core-4.9.0.jar:/home/remi/.m2/repository/org/apache/olingo/odata-client-api/4.9.0/odata-client-api-4.9.0.jar:/home/remi/.m2/repository/org/apache/olingo/odata-commons-api/4.9.0/odata-commons-api-4.9.0.jar:/home/remi/.m2/repository/org/apache/olingo/odata-commons-core/4.9.0/odata-commons-core-4.9.0.jar:/home/remi/.m2/repository/commons-io/commons-io/2.11.0/commons-io-2.11.0.jar:/home/remi/.m2/repository/org/apache/commons/commons-lang3/3.10/commons-lang3-3.10.jar:/home/remi/.m2/repository/org/apache/httpcomponents/httpclient/4.5.12/httpclient-4.5.12.jar:/home/remi/.m2/repository/org/apache/httpcomponents/httpcore/4.4.13/httpcore-4.4.13.jar:/home/remi/.m2/repository/com/fasterxml/jackson/core/jackson-core/2.11.0/jackson-core-2.11.0.jar:/home/remi/.m2/repository/com/fasterxml/jackson/core/jackson-databind/2.11.0/jackson-databind-2.11.0.jar:/home/remi/.m2/repository/com/fasterxml/jackson/core/jackson-annotations/2.11.0/jackson-annotations-2.11.0.jar:/home/remi/.m2/repository/com/fasterxml/jackson/dataformat/jackson-dataformat-xml/2.11.0/jackson-dataformat-xml-2.11.0.jar:/home/remi/.m2/repository/org/codehaus/woodstox/stax2-api/4.2/stax2-api-4.2.jar:/home/remi/.m2/repository/com/fasterxml/woodstox/woodstox-core/6.2.0/woodstox-core-6.2.0.jar:/home/remi/.m2/repository/com/fasterxml/aalto-xml/1.3.1/aalto-xml-1.3.1.jar:/home/remi/.m2/repository/javax/javaee-api/8.0.1/javaee-api-8.0.1.jar:/home/remi/.m2/repository/com/sun/mail/javax.mail/1.6.2/javax.mail-1.6.2.jar:/home/remi/.m2/repository/javax/activation/activation/1.1/activation-1.1.jar:/home/remi/.m2/repository/javax/validation/validation-api/2.0.1.Final/validation-api-2.0.1.Final.jar:/home/remi/.m2/repository/javax/persistence/javax.persistence-api/2.2/javax.persistence-api-2.2.jar:/home/remi/.m2/repository/javax/ws/rs/javax.ws.rs-api/2.1.1/javax.ws.rs-api-2.1.1.jar:/home/remi/.m2/repository/org/sonatype/sisu/sisu-inject-bean/2.6.0/sisu-inject-bean-2.6.0.jar:/home/remi/.m2/repository/javax/enterprise/cdi-api/1.0/cdi-api-1.0.jar:/home/remi/.m2/repository/javax/annotation/jsr250-api/1.0/jsr250-api-1.0.jar:/home/remi/.m2/repository/javax/inject/javax.inject/1/javax.inject-1.jar:/home/remi/.m2/repository/org/sonatype/sisu/sisu-guice/3.2.5/sisu-guice-3.2.5-no_aop.jar:/home/remi/.m2/repository/com/google/guava/guava/16.0.1/guava-16.0.1.jar:/home/remi/.m2/repository/org/eclipse/sisu/org.eclipse.sisu.inject/0.3.0/org.eclipse.sisu.inject-0.3.0.jar:/home/remi/.m2/repository/org/junit/jupiter/junit-jupiter-api/5.8.2/junit-jupiter-api-5.8.2.jar:/home/remi/.m2/repository/org/opentest4j/opentest4j/1.2.0/opentest4j-1.2.0.jar:/home/remi/.m2/repository/org/junit/platform/junit-platform-commons/1.6.2/junit-platform-commons-1.6.2.jar:/home/remi/.m2/repository/org/apiguardian/apiguardian-api/1.1.2/apiguardian-api-1.1.2.jar:/home/remi/.m2/repository/org/hibernate/hibernate-core/5.4.33.Final/hibernate-core-5.4.33.Final.jar:/home/remi/.m2/repository/org/jboss/logging/jboss-logging/3.4.1.Final/jboss-logging-3.4.1.Final.jar:/home/remi/.m2/repository/org/javassist/javassist/3.27.0-GA/javassist-3.27.0-GA.jar:/home/remi/.m2/repository/net/bytebuddy/byte-buddy/1.10.11/byte-buddy-1.10.11.jar:/home/remi/.m2/repository/antlr/antlr/2.7.7/antlr-2.7.7.jar:/home/remi/.m2/repository/org/jboss/spec/javax/transaction/jboss-transaction-api_1.2_spec/1.1.1.Final/jboss-transaction-api_1.2_spec-1.1.1.Final.jar:/home/remi/.m2/repository/org/jboss/jandex/2.2.3.Final/jandex-2.2.3.Final.jar:/home/remi/.m2/repository/com/fasterxml/classmate/1.5.1/classmate-1.5.1.jar:/home/remi/.m2/repository/javax/activation/javax.activation-api/1.2.0/javax.activation-api-1.2.0.jar:/home/remi/.m2/repository/org/dom4j/dom4j/2.1.3/dom4j-2.1.3.jar:/home/remi/.m2/repository/org/hibernate/common/hibernate-commons-annotations/5.1.2.Final/hibernate-commons-annotations-5.1.2.Final.jar:/home/remi/.m2/repository/javax/xml/bind/jaxb-api/2.3.1/jaxb-api-2.3.1.jar:/home/remi/.m2/repository/org/glassfish/jaxb/jaxb-runtime/2.3.3/jaxb-runtime-2.3.3.jar:/home/remi/.m2/repository/org/glassfish/jaxb/txw2/2.3.3/txw2-2.3.3.jar:/home/remi/.m2/repository/com/sun/istack/istack-commons-runtime/3.0.11/istack-commons-runtime-3.0.11.jar:/home/remi/.m2/repository/com/sun/activation/jakarta.activation/1.2.2/jakarta.activation-1.2.2.jar:/home/remi/.m2/repository/org/glassfish/jersey/core/jersey-server/2.30.1/jersey-server-2.30.1.jar:/home/remi/.m2/repository/org/glassfish/jersey/core/jersey-common/2.30.1/jersey-common-2.30.1.jar:/home/remi/.m2/repository/org/glassfish/hk2/osgi-resource-locator/1.0.3/osgi-resource-locator-1.0.3.jar:/home/remi/.m2/repository/org/glassfish/jersey/core/jersey-client/2.30.1/jersey-client-2.30.1.jar:/home/remi/.m2/repository/jakarta/ws/rs/jakarta.ws.rs-api/2.1.6/jakarta.ws.rs-api-2.1.6.jar:/home/remi/.m2/repository/org/glassfish/jersey/media/jersey-media-jaxb/2.30.1/jersey-media-jaxb-2.30.1.jar:/home/remi/.m2/repository/org/glassfish/hk2/external/jakarta.inject/2.6.1/jakarta.inject-2.6.1.jar:/home/remi/.m2/repository/jakarta/validation/jakarta.validation-api/2.0.2/jakarta.validation-api-2.0.2.jar:/home/remi/.m2/repository/org/slf4j/slf4j-api/1.7.36/slf4j-api-1.7.36.jar:/home/remi/.m2/repository/org/glassfish/hk2/hk2-api/2.6.1/hk2-api-2.6.1.jar:/home/remi/.m2/repository/org/glassfish/hk2/hk2-utils/2.6.1/hk2-utils-2.6.1.jar:/home/remi/.m2/repository/org/glassfish/hk2/external/aopalliance-repackaged/2.6.1/aopalliance-repackaged-2.6.1.jar:/home/remi/.m2/repository/org/assertj/assertj-core/3.23.1/assertj-core-3.23.1.jar:/home/remi/.m2/repository/org/eclipse/persistence/javax.persistence/2.2.1/javax.persistence-2.2.1.jar:/home/remi/.m2/repository/org/postgresql/postgresql/42.4.0/postgresql-42.4.0.jar:/home/remi/.m2/repository/org/checkerframework/checker-qual/3.5.0/checker-qual-3.5.0.jar:/home/remi/.m2/repository/com/h2database/h2/1.4.200/h2-1.4.200.jar:/home/remi/.m2/repository/javax/servlet/javax.servlet-api/4.0.1/javax.servlet-api-4.0.1.jar:/home/remi/.m2/repository/io/gatling/highcharts/gatling-charts-highcharts/3.7.6/gatling-charts-highcharts-3.7.6.jar:/home/remi/.m2/repository/org/scala-lang/scala-library/2.13.8/scala-library-2.13.8.jar:/home/remi/.m2/repository/io/gatling/gatling-app/3.7.6/gatling-app-3.7.6.jar:/home/remi/.m2/repository/io/gatling/gatling-core/3.7.6/gatling-core-3.7.6.jar:/home/remi/.m2/repository/io/gatling/gatling-commons/3.7.6/gatling-commons-3.7.6.jar:/home/remi/.m2/repository/io/gatling/gatling-commons-shared/3.7.6/gatling-commons-shared-3.7.6.jar:/home/remi/.m2/repository/org/scala-lang/scala-reflect/2.13.8/scala-reflect-2.13.8.jar:/home/remi/.m2/repository/io/suzaku/boopickle_2.13/1.3.3/boopickle_2.13-1.3.3.jar:/home/remi/.m2/repository/io/gatling/gatling-commons-shared-unstable/3.7.6/gatling-commons-shared-unstable-3.7.6.jar:/home/remi/.m2/repository/org/typelevel/spire-macros_2.13/0.17.0/spire-macros_2.13-0.17.0.jar:/home/remi/.m2/repository/com/typesafe/scala-logging/scala-logging_2.13/3.9.4/scala-logging_2.13-3.9.4.jar:/home/remi/.m2/repository/io/gatling/gatling-jsonpath/3.7.6/gatling-jsonpath-3.7.6.jar:/home/remi/.m2/repository/com/typesafe/akka/akka-slf4j_2.13/2.6.18/akka-slf4j_2.13-2.6.18.jar:/home/remi/.m2/repository/org/simpleflatmapper/lightning-csv/8.2.3/lightning-csv-8.2.3.jar:/home/remi/.m2/repository/org/simpleflatmapper/sfm-util/8.2.3/sfm-util-8.2.3.jar:/home/remi/.m2/repository/com/github/ben-manes/caffeine/caffeine/2.8.4/caffeine-2.8.4.jar:/home/remi/.m2/repository/com/google/errorprone/error_prone_annotations/2.3.4/error_prone_annotations-2.3.4.jar:/home/remi/.m2/repository/io/pebbletemplates/pebble/3.1.5/pebble-3.1.5.jar:/home/remi/.m2/repository/org/unbescape/unbescape/1.1.6.RELEASE/unbescape-1.1.6.RELEASE.jar:/home/remi/.m2/repository/org/scala-lang/modules/scala-parser-combinators_2.13/2.1.1/scala-parser-combinators_2.13-2.1.1.jar:/home/remi/.m2/repository/com/github/scopt/scopt_2.13/3.7.1/scopt_2.13-3.7.1.jar:/home/remi/.m2/repository/io/netty/netty-handler/4.1.50.Final/netty-handler-4.1.50.Final.jar:/home/remi/.m2/repository/io/netty/netty-resolver/4.1.50.Final/netty-resolver-4.1.50.Final.jar:/home/remi/.m2/repository/com/softwaremill/quicklens/quicklens_2.13/1.8.3/quicklens_2.13-1.8.3.jar:/home/remi/.m2/repository/net/sf/saxon/Saxon-HE/10.6/Saxon-HE-10.6.jar:/home/remi/.m2/repository/org/jodd/jodd-lagarto/6.0.5/jodd-lagarto-6.0.5.jar:/home/remi/.m2/repository/org/jodd/jodd-util/6.0.1/jodd-util-6.0.1.jar:/home/remi/.m2/repository/io/burt/jmespath-jackson/0.5.1/jmespath-jackson-0.5.1.jar:/home/remi/.m2/repository/io/burt/jmespath-core/0.5.1/jmespath-core-0.5.1.jar:/home/remi/.m2/repository/io/gatling/gatling-core-java/3.7.6/gatling-core-java-3.7.6.jar:/home/remi/.m2/repository/net/jodah/typetools/0.6.3/typetools-0.6.3.jar:/home/remi/.m2/repository/com/google/code/findbugs/jsr305/3.0.2/jsr305-3.0.2.jar:/home/remi/.m2/repository/io/gatling/gatling-http/3.7.6/gatling-http-3.7.6.jar:/home/remi/.m2/repository/io/gatling/gatling-http-client/3.7.6/gatling-http-client-3.7.6.jar:/home/remi/.m2/repository/io/netty/netty-handler-proxy/4.1.50.Final/netty-handler-proxy-4.1.50.Final.jar:/home/remi/.m2/repository/io/netty/netty-codec-socks/4.1.50.Final/netty-codec-socks-4.1.50.Final.jar:/home/remi/.m2/repository/io/netty/netty-resolver-dns/4.1.50.Final/netty-resolver-dns-4.1.50.Final.jar:/home/remi/.m2/repository/io/netty/netty-codec-dns/4.1.50.Final/netty-codec-dns-4.1.50.Final.jar:/home/remi/.m2/repository/io/netty/netty-codec-http2/4.1.50.Final/netty-codec-http2-4.1.50.Final.jar:/home/remi/.m2/repository/com/aayushatharva/brotli4j/brotli4j/1.6.0/brotli4j-1.6.0.jar:/home/remi/.m2/repository/com/aayushatharva/brotli4j/native-linux-x86_64/1.6.0/native-linux-x86_64-1.6.0.jar:/home/remi/.m2/repository/com/aayushatharva/brotli4j/native-linux-aarch64/1.6.0/native-linux-aarch64-1.6.0.jar:/home/remi/.m2/repository/com/aayushatharva/brotli4j/native-osx-x86_64/1.6.0/native-osx-x86_64-1.6.0.jar:/home/remi/.m2/repository/com/aayushatharva/brotli4j/native-windows-x86_64/1.6.0/native-windows-x86_64-1.6.0.jar:/home/remi/.m2/repository/io/gatling/gatling-http-java/3.7.6/gatling-http-java-3.7.6.jar:/home/remi/.m2/repository/io/gatling/gatling-jms/3.7.6/gatling-jms-3.7.6.jar:/home/remi/.m2/repository/javax/jms/javax.jms-api/2.0.1/javax.jms-api-2.0.1.jar:/home/remi/.m2/repository/com/eatthepath/fast-uuid/0.2.0/fast-uuid-0.2.0.jar:/home/remi/.m2/repository/io/gatling/gatling-jms-java/3.7.6/gatling-jms-java-3.7.6.jar:/home/remi/.m2/repository/io/gatling/gatling-mqtt/3.7.6/gatling-mqtt-3.7.6.jar:/home/remi/.m2/repository/io/gatling/gatling-netty-util/3.7.6/gatling-netty-util-3.7.6.jar:/home/remi/.m2/repository/io/netty/netty-codec-mqtt/4.1.50.Final/netty-codec-mqtt-4.1.50.Final.jar:/home/remi/.m2/repository/io/netty/netty-transport-native-epoll/4.1.50.Final/netty-transport-native-epoll-4.1.50.Final-linux-x86_64.jar:/home/remi/.m2/repository/io/netty/netty-transport-native-unix-common/4.1.50.Final/netty-transport-native-unix-common-4.1.50.Final.jar:/home/remi/.m2/repository/io/netty/netty-transport-native-epoll/4.1.74.Final/netty-transport-native-epoll-4.1.74.Final-linux-aarch_64.jar:/home/remi/.m2/repository/io/netty/netty-transport-classes-epoll/4.1.74.Final/netty-transport-classes-epoll-4.1.74.Final.jar:/home/remi/.m2/repository/io/gatling/gatling-mqtt-java/3.7.6/gatling-mqtt-java-3.7.6.jar:/home/remi/.m2/repository/io/gatling/gatling-jdbc/3.7.6/gatling-jdbc-3.7.6.jar:/home/remi/.m2/repository/io/gatling/gatling-jdbc-java/3.7.6/gatling-jdbc-java-3.7.6.jar:/home/remi/.m2/repository/io/gatling/gatling-redis/3.7.6/gatling-redis-3.7.6.jar:/home/remi/.m2/repository/net/debasishg/redisclient_2.13/3.42/redisclient_2.13-3.42.jar:/home/remi/.m2/repository/org/apache/commons/commons-pool2/2.8.0/commons-pool2-2.8.0.jar:/home/remi/.m2/repository/io/gatling/gatling-redis-java/3.7.6/gatling-redis-java-3.7.6.jar:/home/remi/.m2/repository/io/gatling/gatling-graphite/3.7.6/gatling-graphite-3.7.6.jar:/home/remi/.m2/repository/org/hdrhistogram/HdrHistogram/2.1.12/HdrHistogram-2.1.12.jar:/home/remi/.m2/repository/io/gatling/gatling-charts/3.7.6/gatling-charts-3.7.6.jar:/home/remi/.m2/repository/com/tdunning/t-digest/3.1/t-digest-3.1.jar:/home/remi/.m2/repository/io/gatling/gatling-recorder/3.7.6/gatling-recorder-3.7.6.jar:/home/remi/.m2/repository/org/scala-lang/modules/scala-swing_2.13/3.0.0/scala-swing_2.13-3.0.0.jar:/home/remi/.m2/repository/org/bouncycastle/bcpkix-jdk15on/1.70/bcpkix-jdk15on-1.70.jar:/home/remi/.m2/repository/org/bouncycastle/bcprov-jdk15on/1.70/bcprov-jdk15on-1.70.jar:/home/remi/.m2/repository/org/bouncycastle/bcutil-jdk15on/1.70/bcutil-jdk15on-1.70.jar:/home/remi/.m2/repository/io/netty/netty-codec-http/4.1.50.Final/netty-codec-http-4.1.50.Final.jar:/home/remi/.m2/repository/io/netty/netty-common/4.1.50.Final/netty-common-4.1.50.Final.jar:/home/remi/.m2/repository/io/netty/netty-buffer/4.1.50.Final/netty-buffer-4.1.50.Final.jar:/home/remi/.m2/repository/io/netty/netty-transport/4.1.50.Final/netty-transport-4.1.50.Final.jar:/home/remi/.m2/repository/io/netty/netty-codec/4.1.50.Final/netty-codec-4.1.50.Final.jar:/home/remi/.m2/repository/com/typesafe/akka/akka-actor_2.13/2.6.18/akka-actor_2.13-2.6.18.jar:/home/remi/.m2/repository/com/typesafe/config/1.4.0/config-1.4.0.jar:/home/remi/.m2/repository/org/scala-lang/modules/scala-java8-compat_2.13/1.0.0/scala-java8-compat_2.13-1.0.0.jar:/home/remi/.m2/repository/io/netty/netty-tcnative-boringssl-static/2.0.50.Final/netty-tcnative-boringssl-static-2.0.50.Final.jar:/home/remi/.m2/repository/io/netty/netty-tcnative-classes/2.0.50.Final/netty-tcnative-classes-2.0.50.Final.jar:/home/remi/.m2/repository/io/netty/netty-tcnative-boringssl-static/2.0.50.Final/netty-tcnative-boringssl-static-2.0.50.Final-linux-x86_64.jar:/home/remi/.m2/repository/io/netty/netty-tcnative-boringssl-static/2.0.50.Final/netty-tcnative-boringssl-static-2.0.50.Final-linux-aarch_64.jar:/home/remi/.m2/repository/io/netty/netty-tcnative-boringssl-static/2.0.50.Final/netty-tcnative-boringssl-static-2.0.50.Final-osx-x86_64.jar:/home/remi/.m2/repository/io/netty/netty-tcnative-boringssl-static/2.0.50.Final/netty-tcnative-boringssl-static-2.0.50.Final-osx-aarch_64.jar:/home/remi/.m2/repository/io/netty/netty-tcnative-boringssl-static/2.0.50.Final/netty-tcnative-boringssl-static-2.0.50.Final-windows-x86_64.jar:"/>
    <property name="java.vm.vendor" value="Red Hat, Inc."/>
    <property name="sun.arch.data.model" value="64"/>
    <property name="java.vendor.url" value="https://www.redhat.com/"/>
    <property name="os.name" value="Linux"/>
    <property name="java.vm.specification.version" value="17"/>
    <property name="sun.java.launcher" value="SUN_STANDARD"/>
    <property name="user.country" value="GB"/>
    <property name="sun.boot.library.path" value="/usr/lib/jvm/java-17-openjdk-17.0.3.0.7-1.fc36.x86_64/lib"/>
    <property name="sun.java.command" value="/home/remi/Documents/QMUL/Dissertation/Code/patient/api/target/surefire/surefirebooter17771564711720468619.jar /home/remi/Documents/QMUL/Dissertation/Code/patient/api/target/surefire 2022-07-01T12-00-19_092-jvmRun1 surefire2698267781505824781tmp surefire_010462122701938086985tmp"/>
    <property name="jdk.debug" value="release"/>
    <property name="surefire.test.class.path" value="/home/remi/Documents/QMUL/Dissertation/Code/patient/api/target/test-classes:/home/remi/Documents/QMUL/Dissertation/Code/patient/api/target/classes:/home/remi/.m2/repository/org/springframework/spring-test/5.2.22.RELEASE/spring-test-5.2.22.RELEASE.jar:/home/remi/.m2/repository/org/springframework/spring-core/5.2.7.RELEASE/spring-core-5.2.7.RELEASE.jar:/home/remi/.m2/repository/org/springframework/spring-jcl/5.2.7.RELEASE/spring-jcl-5.2.7.RELEASE.jar:/home/remi/.m2/repository/org/springframework/spring-context/5.2.22.RELEASE/spring-context-5.2.22.RELEASE.jar:/home/remi/.m2/repository/org/springframework/spring-aop/5.2.7.RELEASE/spring-aop-5.2.7.RELEASE.jar:/home/remi/.m2/repository/org/springframework/spring-expression/5.2.7.RELEASE/spring-expression-5.2.7.RELEASE.jar:/home/remi/.m2/repository/org/springframework/spring-beans/5.2.22.RELEASE/spring-beans-5.2.22.RELEASE.jar:/home/remi/.m2/repository/org/springframework/boot/spring-boot-autoconfigure/2.3.1.RELEASE/spring-boot-autoconfigure-2.3.1.RELEASE.jar:/home/remi/.m2/repository/org/springframework/boot/spring-boot/2.3.1.RELEASE/spring-boot-2.3.1.RELEASE.jar:/home/remi/.m2/repository/org/springframework/boot/spring-boot-test/2.3.1.RELEASE/spring-boot-test-2.3.1.RELEASE.jar:/home/remi/.m2/repository/org/springframework/boot/spring-boot-starter/2.7.0/spring-boot-starter-2.7.0.jar:/home/remi/.m2/repository/org/springframework/boot/spring-boot-starter-logging/2.3.1.RELEASE/spring-boot-starter-logging-2.3.1.RELEASE.jar:/home/remi/.m2/repository/ch/qos/logback/logback-classic/1.2.3/logback-classic-1.2.3.jar:/home/remi/.m2/repository/ch/qos/logback/logback-core/1.2.3/logback-core-1.2.3.jar:/home/remi/.m2/repository/org/apache/logging/log4j/log4j-to-slf4j/2.13.3/log4j-to-slf4j-2.13.3.jar:/home/remi/.m2/repository/org/apache/logging/log4j/log4j-api/2.13.3/log4j-api-2.13.3.jar:/home/remi/.m2/repository/org/slf4j/jul-to-slf4j/1.7.30/jul-to-slf4j-1.7.30.jar:/home/remi/.m2/repository/jakarta/annotation/jakarta.annotation-api/1.3.5/jakarta.annotation-api-1.3.5.jar:/home/remi/.m2/repository/org/yaml/snakeyaml/1.26/snakeyaml-1.26.jar:/home/remi/.m2/repository/org/springframework/boot/spring-boot-maven-plugin/2.7.0/spring-boot-maven-plugin-2.7.0.jar:/home/remi/.m2/repository/org/springframework/boot/spring-boot-buildpack-platform/2.3.1.RELEASE/spring-boot-buildpack-platform-2.3.1.RELEASE.jar:/home/remi/.m2/repository/com/fasterxml/jackson/module/jackson-module-parameter-names/2.11.0/jackson-module-parameter-names-2.11.0.jar:/home/remi/.m2/repository/net/java/dev/jna/jna-platform/5.5.0/jna-platform-5.5.0.jar:/home/remi/.m2/repository/net/java/dev/jna/jna/5.5.0/jna-5.5.0.jar:/home/remi/.m2/repository/org/apache/commons/commons-compress/1.19/commons-compress-1.19.jar:/home/remi/.m2/repository/org/springframework/boot/spring-boot-loader-tools/2.3.1.RELEASE/spring-boot-loader-tools-2.3.1.RELEASE.jar:/home/remi/.m2/repository/org/sonatype/plexus/plexus-build-api/0.0.7/plexus-build-api-0.0.7.jar:/home/remi/.m2/repository/org/codehaus/plexus/plexus-utils/1.5.8/plexus-utils-1.5.8.jar:/home/remi/.m2/repository/org/springframework/boot/spring-boot-starter-web/2.7.0/spring-boot-starter-web-2.7.0.jar:/home/remi/.m2/repository/org/springframework/boot/spring-boot-starter-json/2.3.1.RELEASE/spring-boot-starter-json-2.3.1.RELEASE.jar:/home/remi/.m2/repository/com/fasterxml/jackson/datatype/jackson-datatype-jdk8/2.11.0/jackson-datatype-jdk8-2.11.0.jar:/home/remi/.m2/repository/com/fasterxml/jackson/datatype/jackson-datatype-jsr310/2.11.0/jackson-datatype-jsr310-2.11.0.jar:/home/remi/.m2/repository/org/springframework/boot/spring-boot-starter-tomcat/2.3.1.RELEASE/spring-boot-starter-tomcat-2.3.1.RELEASE.jar:/home/remi/.m2/repository/org/glassfish/jakarta.el/3.0.3/jakarta.el-3.0.3.jar:/home/remi/.m2/repository/org/apache/tomcat/embed/tomcat-embed-websocket/9.0.36/tomcat-embed-websocket-9.0.36.jar:/home/remi/.m2/repository/org/springframework/spring-web/5.2.7.RELEASE/spring-web-5.2.7.RELEASE.jar:/home/remi/.m2/repository/org/springframework/spring-webmvc/5.2.7.RELEASE/spring-webmvc-5.2.7.RELEASE.jar:/home/remi/.m2/repository/org/springframework/boot/spring-boot-starter-data-jpa/2.7.0/spring-boot-starter-data-jpa-2.7.0.jar:/home/remi/.m2/repository/org/springframework/boot/spring-boot-starter-aop/2.3.1.RELEASE/spring-boot-starter-aop-2.3.1.RELEASE.jar:/home/remi/.m2/repository/org/aspectj/aspectjweaver/1.9.5/aspectjweaver-1.9.5.jar:/home/remi/.m2/repository/org/springframework/boot/spring-boot-starter-jdbc/2.3.1.RELEASE/spring-boot-starter-jdbc-2.3.1.RELEASE.jar:/home/remi/.m2/repository/com/zaxxer/HikariCP/3.4.5/HikariCP-3.4.5.jar:/home/remi/.m2/repository/org/springframework/spring-jdbc/5.2.7.RELEASE/spring-jdbc-5.2.7.RELEASE.jar:/home/remi/.m2/repository/jakarta/transaction/jakarta.transaction-api/1.3.3/jakarta.transaction-api-1.3.3.jar:/home/remi/.m2/repository/jakarta/persistence/jakarta.persistence-api/2.2.3/jakarta.persistence-api-2.2.3.jar:/home/remi/.m2/repository/org/springframework/data/spring-data-jpa/2.3.1.RELEASE/spring-data-jpa-2.3.1.RELEASE.jar:/home/remi/.m2/repository/org/springframework/data/spring-data-commons/2.3.1.RELEASE/spring-data-commons-2.3.1.RELEASE.jar:/home/remi/.m2/repository/org/springframework/spring-orm/5.2.7.RELEASE/spring-orm-5.2.7.RELEASE.jar:/home/remi/.m2/repository/org/springframework/spring-tx/5.2.7.RELEASE/spring-tx-5.2.7.RELEASE.jar:/home/remi/.m2/repository/org/aspectj/aspectjrt/1.9.5/aspectjrt-1.9.5.jar:/home/remi/.m2/repository/org/springframework/spring-aspects/5.2.7.RELEASE/spring-aspects-5.2.7.RELEASE.jar:/home/remi/.m2/repository/org/springframework/boot/spring-boot-starter-test/2.7.0/spring-boot-starter-test-2.7.0.jar:/home/remi/.m2/repository/org/springframework/boot/spring-boot-test-autoconfigure/2.3.1.RELEASE/spring-boot-test-autoconfigure-2.3.1.RELEASE.jar:/home/remi/.m2/repository/com/jayway/jsonpath/json-path/2.4.0/json-path-2.4.0.jar:/home/remi/.m2/repository/net/minidev/json-smart/2.3/json-smart-2.3.jar:/home/remi/.m2/repository/net/minidev/accessors-smart/1.2/accessors-smart-1.2.jar:/home/remi/.m2/repository/org/ow2/asm/asm/5.0.4/asm-5.0.4.jar:/home/remi/.m2/repository/jakarta/xml/bind/jakarta.xml.bind-api/2.3.3/jakarta.xml.bind-api-2.3.3.jar:/home/remi/.m2/repository/jakarta/activation/jakarta.activation-api/1.2.2/jakarta.activation-api-1.2.2.jar:/home/remi/.m2/repository/org/hamcrest/hamcrest/2.2/hamcrest-2.2.jar:/home/remi/.m2/repository/org/junit/jupiter/junit-jupiter/5.6.2/junit-jupiter-5.6.2.jar:/home/remi/.m2/repository/org/junit/jupiter/junit-jupiter-params/5.6.2/junit-jupiter-params-5.6.2.jar:/home/remi/.m2/repository/org/junit/jupiter/junit-jupiter-engine/5.6.2/junit-jupiter-engine-5.6.2.jar:/home/remi/.m2/repository/org/junit/platform/junit-platform-engine/1.6.2/junit-platform-engine-1.6.2.jar:/home/remi/.m2/repository/org/mockito/mockito-core/3.3.3/mockito-core-3.3.3.jar:/home/remi/.m2/repository/net/bytebuddy/byte-buddy-agent/1.10.11/byte-buddy-agent-1.10.11.jar:/home/remi/.m2/repository/org/objenesis/objenesis/2.6/objenesis-2.6.jar:/home/remi/.m2/repository/org/mockito/mockito-junit-jupiter/3.3.3/mockito-junit-jupiter-3.3.3.jar:/home/remi/.m2/repository/org/skyscreamer/jsonassert/1.5.0/jsonassert-1.5.0.jar:/home/remi/.m2/repository/com/vaadin/external/google/android-json/0.0.20131108.vaadin1/android-json-0.0.20131108.vaadin1.jar:/home/remi/.m2/repository/org/xmlunit/xmlunit-core/2.7.0/xmlunit-core-2.7.0.jar:/home/remi/.m2/repository/org/springframework/boot/spring-boot-starter-jersey/2.7.0/spring-boot-starter-jersey-2.7.0.jar:/home/remi/.m2/repository/org/glassfish/jersey/containers/jersey-container-servlet-core/2.30.1/jersey-container-servlet-core-2.30.1.jar:/home/remi/.m2/repository/org/glassfish/jersey/containers/jersey-container-servlet/2.30.1/jersey-container-servlet-2.30.1.jar:/home/remi/.m2/repository/org/glassfish/jersey/ext/jersey-bean-validation/2.30.1/jersey-bean-validation-2.30.1.jar:/home/remi/.m2/repository/org/glassfish/jersey/ext/jersey-spring5/2.30.1/jersey-spring5-2.30.1.jar:/home/remi/.m2/repository/org/glassfish/jersey/inject/jersey-hk2/2.30.1/jersey-hk2-2.30.1.jar:/home/remi/.m2/repository/org/glassfish/hk2/hk2-locator/2.6.1/hk2-locator-2.6.1.jar:/home/remi/.m2/repository/org/glassfish/hk2/hk2/2.6.1/hk2-2.6.1.jar:/home/remi/.m2/repository/org/glassfish/hk2/hk2-core/2.6.1/hk2-core-2.6.1.jar:/home/remi/.m2/repository/org/glassfish/hk2/hk2-runlevel/2.6.1/hk2-runlevel-2.6.1.jar:/home/remi/.m2/repository/org/glassfish/hk2/class-model/2.6.1/class-model-2.6.1.jar:/home/remi/.m2/repository/org/ow2/asm/asm-analysis/7.1/asm-analysis-7.1.jar:/home/remi/.m2/repository/org/ow2/asm/asm-commons/7.1/asm-commons-7.1.jar:/home/remi/.m2/repository/org/ow2/asm/asm-tree/7.1/asm-tree-7.1.jar:/home/remi/.m2/repository/org/ow2/asm/asm-util/7.1/asm-util-7.1.jar:/home/remi/.m2/repository/org/glassfish/hk2/spring-bridge/2.6.1/spring-bridge-2.6.1.jar:/home/remi/.m2/repository/org/glassfish/jersey/media/jersey-media-json-jackson/2.30.1/jersey-media-json-jackson-2.30.1.jar:/home/remi/.m2/repository/org/glassfish/jersey/ext/jersey-entity-filtering/2.30.1/jersey-entity-filtering-2.30.1.jar:/home/remi/.m2/repository/com/fasterxml/jackson/module/jackson-module-jaxb-annotations/2.11.0/jackson-module-jaxb-annotations-2.11.0.jar:/home/remi/.m2/repository/org/springframework/boot/spring-boot-starter-validation/2.7.0/spring-boot-starter-validation-2.7.0.jar:/home/remi/.m2/repository/org/apache/tomcat/embed/tomcat-embed-el/9.0.36/tomcat-embed-el-9.0.36.jar:/home/remi/.m2/repository/org/hibernate/validator/hibernate-validator/6.1.5.Final/hibernate-validator-6.1.5.Final.jar:/home/remi/.m2/repository/org/apache/tomcat/embed/tomcat-embed-core/9.0.64/tomcat-embed-core-9.0.64.jar:/home/remi/.m2/repository/org/apache/tomcat/tomcat-annotations-api/9.0.36/tomcat-annotations-api-9.0.36.jar:/home/remi/.m2/repository/org/apache/olingo/olingo-odata2-api/2.0.12/olingo-odata2-api-2.0.12.jar:/home/remi/.m2/repository/org/apache/olingo/olingo-odata2-jpa-processor-api/2.0.12/olingo-odata2-jpa-processor-api-2.0.12.jar:/home/remi/.m2/repository/org/apache/olingo/olingo-odata2-core/2.0.12/olingo-odata2-core-2.0.12.jar:/home/remi/.m2/repository/commons-codec/commons-codec/1.14/commons-codec-1.14.jar:/home/remi/.m2/repository/com/google/code/gson/gson/2.8.6/gson-2.8.6.jar:/home/remi/.m2/repository/org/apache/olingo/olingo-odata2-jpa-processor-core/2.0.12/olingo-odata2-jpa-processor-core-2.0.12.jar:/home/remi/.m2/repository/org/apache/olingo/olingo-odata2-api-annotation/2.0.12/olingo-odata2-api-annotation-2.0.12.jar:/home/remi/.m2/repository/org/apache/olingo/odata-client-core/4.9.0/odata-client-core-4.9.0.jar:/home/remi/.m2/repository/org/apache/olingo/odata-client-api/4.9.0/odata-client-api-4.9.0.jar:/home/remi/.m2/repository/org/apache/olingo/odata-commons-api/4.9.0/odata-commons-api-4.9.0.jar:/home/remi/.m2/repository/org/apache/olingo/odata-commons-core/4.9.0/odata-commons-core-4.9.0.jar:/home/remi/.m2/repository/commons-io/commons-io/2.11.0/commons-io-2.11.0.jar:/home/remi/.m2/repository/org/apache/commons/commons-lang3/3.10/commons-lang3-3.10.jar:/home/remi/.m2/repository/org/apache/httpcomponents/httpclient/4.5.12/httpclient-4.5.12.jar:/home/remi/.m2/repository/org/apache/httpcomponents/httpcore/4.4.13/httpcore-4.4.13.jar:/home/remi/.m2/repository/com/fasterxml/jackson/core/jackson-core/2.11.0/jackson-core-2.11.0.jar:/home/remi/.m2/repository/com/fasterxml/jackson/core/jackson-databind/2.11.0/jackson-databind-2.11.0.jar:/home/remi/.m2/repository/com/fasterxml/jackson/core/jackson-annotations/2.11.0/jackson-annotations-2.11.0.jar:/home/remi/.m2/repository/com/fasterxml/jackson/dataformat/jackson-dataformat-xml/2.11.0/jackson-dataformat-xml-2.11.0.jar:/home/remi/.m2/repository/org/codehaus/woodstox/stax2-api/4.2/stax2-api-4.2.jar:/home/remi/.m2/repository/com/fasterxml/woodstox/woodstox-core/6.2.0/woodstox-core-6.2.0.jar:/home/remi/.m2/repository/com/fasterxml/aalto-xml/1.3.1/aalto-xml-1.3.1.jar:/home/remi/.m2/repository/javax/javaee-api/8.0.1/javaee-api-8.0.1.jar:/home/remi/.m2/repository/com/sun/mail/javax.mail/1.6.2/javax.mail-1.6.2.jar:/home/remi/.m2/repository/javax/activation/activation/1.1/activation-1.1.jar:/home/remi/.m2/repository/javax/validation/validation-api/2.0.1.Final/validation-api-2.0.1.Final.jar:/home/remi/.m2/repository/javax/persistence/javax.persistence-api/2.2/javax.persistence-api-2.2.jar:/home/remi/.m2/repository/javax/ws/rs/javax.ws.rs-api/2.1.1/javax.ws.rs-api-2.1.1.jar:/home/remi/.m2/repository/org/sonatype/sisu/sisu-inject-bean/2.6.0/sisu-inject-bean-2.6.0.jar:/home/remi/.m2/repository/javax/enterprise/cdi-api/1.0/cdi-api-1.0.jar:/home/remi/.m2/repository/javax/annotation/jsr250-api/1.0/jsr250-api-1.0.jar:/home/remi/.m2/repository/javax/inject/javax.inject/1/javax.inject-1.jar:/home/remi/.m2/repository/org/sonatype/sisu/sisu-guice/3.2.5/sisu-guice-3.2.5-no_aop.jar:/home/remi/.m2/repository/com/google/guava/guava/16.0.1/guava-16.0.1.jar:/home/remi/.m2/repository/org/eclipse/sisu/org.eclipse.sisu.inject/0.3.0/org.eclipse.sisu.inject-0.3.0.jar:/home/remi/.m2/repository/org/junit/jupiter/junit-jupiter-api/5.8.2/junit-jupiter-api-5.8.2.jar:/home/remi/.m2/repository/org/opentest4j/opentest4j/1.2.0/opentest4j-1.2.0.jar:/home/remi/.m2/repository/org/junit/platform/junit-platform-commons/1.6.2/junit-platform-commons-1.6.2.jar:/home/remi/.m2/repository/org/apiguardian/apiguardian-api/1.1.2/apiguardian-api-1.1.2.jar:/home/remi/.m2/repository/org/hibernate/hibernate-core/5.4.33.Final/hibernate-core-5.4.33.Final.jar:/home/remi/.m2/repository/org/jboss/logging/jboss-logging/3.4.1.Final/jboss-logging-3.4.1.Final.jar:/home/remi/.m2/repository/org/javassist/javassist/3.27.0-GA/javassist-3.27.0-GA.jar:/home/remi/.m2/repository/net/bytebuddy/byte-buddy/1.10.11/byte-buddy-1.10.11.jar:/home/remi/.m2/repository/antlr/antlr/2.7.7/antlr-2.7.7.jar:/home/remi/.m2/repository/org/jboss/spec/javax/transaction/jboss-transaction-api_1.2_spec/1.1.1.Final/jboss-transaction-api_1.2_spec-1.1.1.Final.jar:/home/remi/.m2/repository/org/jboss/jandex/2.2.3.Final/jandex-2.2.3.Final.jar:/home/remi/.m2/repository/com/fasterxml/classmate/1.5.1/classmate-1.5.1.jar:/home/remi/.m2/repository/javax/activation/javax.activation-api/1.2.0/javax.activation-api-1.2.0.jar:/home/remi/.m2/repository/org/dom4j/dom4j/2.1.3/dom4j-2.1.3.jar:/home/remi/.m2/repository/org/hibernate/common/hibernate-commons-annotations/5.1.2.Final/hibernate-commons-annotations-5.1.2.Final.jar:/home/remi/.m2/repository/javax/xml/bind/jaxb-api/2.3.1/jaxb-api-2.3.1.jar:/home/remi/.m2/repository/org/glassfish/jaxb/jaxb-runtime/2.3.3/jaxb-runtime-2.3.3.jar:/home/remi/.m2/repository/org/glassfish/jaxb/txw2/2.3.3/txw2-2.3.3.jar:/home/remi/.m2/repository/com/sun/istack/istack-commons-runtime/3.0.11/istack-commons-runtime-3.0.11.jar:/home/remi/.m2/repository/com/sun/activation/jakarta.activation/1.2.2/jakarta.activation-1.2.2.jar:/home/remi/.m2/repository/org/glassfish/jersey/core/jersey-server/2.30.1/jersey-server-2.30.1.jar:/home/remi/.m2/repository/org/glassfish/jersey/core/jersey-common/2.30.1/jersey-common-2.30.1.jar:/home/remi/.m2/repository/org/glassfish/hk2/osgi-resource-locator/1.0.3/osgi-resource-locator-1.0.3.jar:/home/remi/.m2/repository/org/glassfish/jersey/core/jersey-client/2.30.1/jersey-client-2.30.1.jar:/home/remi/.m2/repository/jakarta/ws/rs/jakarta.ws.rs-api/2.1.6/jakarta.ws.rs-api-2.1.6.jar:/home/remi/.m2/repository/org/glassfish/jersey/media/jersey-media-jaxb/2.30.1/jersey-media-jaxb-2.30.1.jar:/home/remi/.m2/repository/org/glassfish/hk2/external/jakarta.inject/2.6.1/jakarta.inject-2.6.1.jar:/home/remi/.m2/repository/jakarta/validation/jakarta.validation-api/2.0.2/jakarta.validation-api-2.0.2.jar:/home/remi/.m2/repository/org/slf4j/slf4j-api/1.7.36/slf4j-api-1.7.36.jar:/home/remi/.m2/repository/org/glassfish/hk2/hk2-api/2.6.1/hk2-api-2.6.1.jar:/home/remi/.m2/repository/org/glassfish/hk2/hk2-utils/2.6.1/hk2-utils-2.6.1.jar:/home/remi/.m2/repository/org/glassfish/hk2/external/aopalliance-repackaged/2.6.1/aopalliance-repackaged-2.6.1.jar:/home/remi/.m2/repository/org/assertj/assertj-core/3.23.1/assertj-core-3.23.1.jar:/home/remi/.m2/repository/org/eclipse/persistence/javax.persistence/2.2.1/javax.persistence-2.2.1.jar:/home/remi/.m2/repository/org/postgresql/postgresql/42.4.0/postgresql-42.4.0.jar:/home/remi/.m2/repository/org/checkerframework/checker-qual/3.5.0/checker-qual-3.5.0.jar:/home/remi/.m2/repository/com/h2database/h2/1.4.200/h2-1.4.200.jar:/home/remi/.m2/repository/javax/servlet/javax.servlet-api/4.0.1/javax.servlet-api-4.0.1.jar:/home/remi/.m2/repository/io/gatling/highcharts/gatling-charts-highcharts/3.7.6/gatling-charts-highcharts-3.7.6.jar:/home/remi/.m2/repository/org/scala-lang/scala-library/2.13.8/scala-library-2.13.8.jar:/home/remi/.m2/repository/io/gatling/gatling-app/3.7.6/gatling-app-3.7.6.jar:/home/remi/.m2/repository/io/gatling/gatling-core/3.7.6/gatling-core-3.7.6.jar:/home/remi/.m2/repository/io/gatling/gatling-commons/3.7.6/gatling-commons-3.7.6.jar:/home/remi/.m2/repository/io/gatling/gatling-commons-shared/3.7.6/gatling-commons-shared-3.7.6.jar:/home/remi/.m2/repository/org/scala-lang/scala-reflect/2.13.8/scala-reflect-2.13.8.jar:/home/remi/.m2/repository/io/suzaku/boopickle_2.13/1.3.3/boopickle_2.13-1.3.3.jar:/home/remi/.m2/repository/io/gatling/gatling-commons-shared-unstable/3.7.6/gatling-commons-shared-unstable-3.7.6.jar:/home/remi/.m2/repository/org/typelevel/spire-macros_2.13/0.17.0/spire-macros_2.13-0.17.0.jar:/home/remi/.m2/repository/com/typesafe/scala-logging/scala-logging_2.13/3.9.4/scala-logging_2.13-3.9.4.jar:/home/remi/.m2/repository/io/gatling/gatling-jsonpath/3.7.6/gatling-jsonpath-3.7.6.jar:/home/remi/.m2/repository/com/typesafe/akka/akka-slf4j_2.13/2.6.18/akka-slf4j_2.13-2.6.18.jar:/home/remi/.m2/repository/org/simpleflatmapper/lightning-csv/8.2.3/lightning-csv-8.2.3.jar:/home/remi/.m2/repository/org/simpleflatmapper/sfm-util/8.2.3/sfm-util-8.2.3.jar:/home/remi/.m2/repository/com/github/ben-manes/caffeine/caffeine/2.8.4/caffeine-2.8.4.jar:/home/remi/.m2/repository/com/google/errorprone/error_prone_annotations/2.3.4/error_prone_annotations-2.3.4.jar:/home/remi/.m2/repository/io/pebbletemplates/pebble/3.1.5/pebble-3.1.5.jar:/home/remi/.m2/repository/org/unbescape/unbescape/1.1.6.RELEASE/unbescape-1.1.6.RELEASE.jar:/home/remi/.m2/repository/org/scala-lang/modules/scala-parser-combinators_2.13/2.1.1/scala-parser-combinators_2.13-2.1.1.jar:/home/remi/.m2/repository/com/github/scopt/scopt_2.13/3.7.1/scopt_2.13-3.7.1.jar:/home/remi/.m2/repository/io/netty/netty-handler/4.1.50.Final/netty-handler-4.1.50.Final.jar:/home/remi/.m2/repository/io/netty/netty-resolver/4.1.50.Final/netty-resolver-4.1.50.Final.jar:/home/remi/.m2/repository/com/softwaremill/quicklens/quicklens_2.13/1.8.3/quicklens_2.13-1.8.3.jar:/home/remi/.m2/repository/net/sf/saxon/Saxon-HE/10.6/Saxon-HE-10.6.jar:/home/remi/.m2/repository/org/jodd/jodd-lagarto/6.0.5/jodd-lagarto-6.0.5.jar:/home/remi/.m2/repository/org/jodd/jodd-util/6.0.1/jodd-util-6.0.1.jar:/home/remi/.m2/repository/io/burt/jmespath-jackson/0.5.1/jmespath-jackson-0.5.1.jar:/home/remi/.m2/repository/io/burt/jmespath-core/0.5.1/jmespath-core-0.5.1.jar:/home/remi/.m2/repository/io/gatling/gatling-core-java/3.7.6/gatling-core-java-3.7.6.jar:/home/remi/.m2/repository/net/jodah/typetools/0.6.3/typetools-0.6.3.jar:/home/remi/.m2/repository/com/google/code/findbugs/jsr305/3.0.2/jsr305-3.0.2.jar:/home/remi/.m2/repository/io/gatling/gatling-http/3.7.6/gatling-http-3.7.6.jar:/home/remi/.m2/repository/io/gatling/gatling-http-client/3.7.6/gatling-http-client-3.7.6.jar:/home/remi/.m2/repository/io/netty/netty-handler-proxy/4.1.50.Final/netty-handler-proxy-4.1.50.Final.jar:/home/remi/.m2/repository/io/netty/netty-codec-socks/4.1.50.Final/netty-codec-socks-4.1.50.Final.jar:/home/remi/.m2/repository/io/netty/netty-resolver-dns/4.1.50.Final/netty-resolver-dns-4.1.50.Final.jar:/home/remi/.m2/repository/io/netty/netty-codec-dns/4.1.50.Final/netty-codec-dns-4.1.50.Final.jar:/home/remi/.m2/repository/io/netty/netty-codec-http2/4.1.50.Final/netty-codec-http2-4.1.50.Final.jar:/home/remi/.m2/repository/com/aayushatharva/brotli4j/brotli4j/1.6.0/brotli4j-1.6.0.jar:/home/remi/.m2/repository/com/aayushatharva/brotli4j/native-linux-x86_64/1.6.0/native-linux-x86_64-1.6.0.jar:/home/remi/.m2/repository/com/aayushatharva/brotli4j/native-linux-aarch64/1.6.0/native-linux-aarch64-1.6.0.jar:/home/remi/.m2/repository/com/aayushatharva/brotli4j/native-osx-x86_64/1.6.0/native-osx-x86_64-1.6.0.jar:/home/remi/.m2/repository/com/aayushatharva/brotli4j/native-windows-x86_64/1.6.0/native-windows-x86_64-1.6.0.jar:/home/remi/.m2/repository/io/gatling/gatling-http-java/3.7.6/gatling-http-java-3.7.6.jar:/home/remi/.m2/repository/io/gatling/gatling-jms/3.7.6/gatling-jms-3.7.6.jar:/home/remi/.m2/repository/javax/jms/javax.jms-api/2.0.1/javax.jms-api-2.0.1.jar:/home/remi/.m2/repository/com/eatthepath/fast-uuid/0.2.0/fast-uuid-0.2.0.jar:/home/remi/.m2/repository/io/gatling/gatling-jms-java/3.7.6/gatling-jms-java-3.7.6.jar:/home/remi/.m2/repository/io/gatling/gatling-mqtt/3.7.6/gatling-mqtt-3.7.6.jar:/home/remi/.m2/repository/io/gatling/gatling-netty-util/3.7.6/gatling-netty-util-3.7.6.jar:/home/remi/.m2/repository/io/netty/netty-codec-mqtt/4.1.50.Final/netty-codec-mqtt-4.1.50.Final.jar:/home/remi/.m2/repository/io/netty/netty-transport-native-epoll/4.1.50.Final/netty-transport-native-epoll-4.1.50.Final-linux-x86_64.jar:/home/remi/.m2/repository/io/netty/netty-transport-native-unix-common/4.1.50.Final/netty-transport-native-unix-common-4.1.50.Final.jar:/home/remi/.m2/repository/io/netty/netty-transport-native-epoll/4.1.74.Final/netty-transport-native-epoll-4.1.74.Final-linux-aarch_64.jar:/home/remi/.m2/repository/io/netty/netty-transport-classes-epoll/4.1.74.Final/netty-transport-classes-epoll-4.1.74.Final.jar:/home/remi/.m2/repository/io/gatling/gatling-mqtt-java/3.7.6/gatling-mqtt-java-3.7.6.jar:/home/remi/.m2/repository/io/gatling/gatling-jdbc/3.7.6/gatling-jdbc-3.7.6.jar:/home/remi/.m2/repository/io/gatling/gatling-jdbc-java/3.7.6/gatling-jdbc-java-3.7.6.jar:/home/remi/.m2/repository/io/gatling/gatling-redis/3.7.6/gatling-redis-3.7.6.jar:/home/remi/.m2/repository/net/debasishg/redisclient_2.13/3.42/redisclient_2.13-3.42.jar:/home/remi/.m2/repository/org/apache/commons/commons-pool2/2.8.0/commons-pool2-2.8.0.jar:/home/remi/.m2/repository/io/gatling/gatling-redis-java/3.7.6/gatling-redis-java-3.7.6.jar:/home/remi/.m2/repository/io/gatling/gatling-graphite/3.7.6/gatling-graphite-3.7.6.jar:/home/remi/.m2/repository/org/hdrhistogram/HdrHistogram/2.1.12/HdrHistogram-2.1.12.jar:/home/remi/.m2/repository/io/gatling/gatling-charts/3.7.6/gatling-charts-3.7.6.jar:/home/remi/.m2/repository/com/tdunning/t-digest/3.1/t-digest-3.1.jar:/home/remi/.m2/repository/io/gatling/gatling-recorder/3.7.6/gatling-recorder-3.7.6.jar:/home/remi/.m2/repository/org/scala-lang/modules/scala-swing_2.13/3.0.0/scala-swing_2.13-3.0.0.jar:/home/remi/.m2/repository/org/bouncycastle/bcpkix-jdk15on/1.70/bcpkix-jdk15on-1.70.jar:/home/remi/.m2/repository/org/bouncycastle/bcprov-jdk15on/1.70/bcprov-jdk15on-1.70.jar:/home/remi/.m2/repository/org/bouncycastle/bcutil-jdk15on/1.70/bcutil-jdk15on-1.70.jar:/home/remi/.m2/repository/io/netty/netty-codec-http/4.1.50.Final/netty-codec-http-4.1.50.Final.jar:/home/remi/.m2/repository/io/netty/netty-common/4.1.50.Final/netty-common-4.1.50.Final.jar:/home/remi/.m2/repository/io/netty/netty-buffer/4.1.50.Final/netty-buffer-4.1.50.Final.jar:/home/remi/.m2/repository/io/netty/netty-transport/4.1.50.Final/netty-transport-4.1.50.Final.jar:/home/remi/.m2/repository/io/netty/netty-codec/4.1.50.Final/netty-codec-4.1.50.Final.jar:/home/remi/.m2/repository/com/typesafe/akka/akka-actor_2.13/2.6.18/akka-actor_2.13-2.6.18.jar:/home/remi/.m2/repository/com/typesafe/config/1.4.0/config-1.4.0.jar:/home/remi/.m2/repository/org/scala-lang/modules/scala-java8-compat_2.13/1.0.0/scala-java8-compat_2.13-1.0.0.jar:/home/remi/.m2/repository/io/netty/netty-tcnative-boringssl-static/2.0.50.Final/netty-tcnative-boringssl-static-2.0.50.Final.jar:/home/remi/.m2/repository/io/netty/netty-tcnative-classes/2.0.50.Final/netty-tcnative-classes-2.0.50.Final.jar:/home/remi/.m2/repository/io/netty/netty-tcnative-boringssl-static/2.0.50.Final/netty-tcnative-boringssl-static-2.0.50.Final-linux-x86_64.jar:/home/remi/.m2/repository/io/netty/netty-tcnative-boringssl-static/2.0.50.Final/netty-tcnative-boringssl-static-2.0.50.Final-linux-aarch_64.jar:/home/remi/.m2/repository/io/netty/netty-tcnative-boringssl-static/2.0.50.Final/netty-tcnative-boringssl-static-2.0.50.Final-osx-x86_64.jar:/home/remi/.m2/repository/io/netty/netty-tcnative-boringssl-static/2.0.50.Final/netty-tcnative-boringssl-static-2.0.50.Final-osx-aarch_64.jar:/home/remi/.m2/repository/io/netty/netty-tcnative-boringssl-static/2.0.50.Final/netty-tcnative-boringssl-static-2.0.50.Final-windows-x86_64.jar:"/>
    <property name="sun.cpu.endian" value="little"/>
    <property name="user.home" value="/home/remi"/>
    <property name="user.language" value="en"/>
    <property name="java.specification.vendor" value="Oracle Corporation"/>
    <property name="java.version.date" value="2022-04-19"/>
    <property name="java.home" value="/usr/lib/jvm/java-17-openjdk-17.0.3.0.7-1.fc36.x86_64"/>
    <property name="file.separator" value="/"/>
    <property name="basedir" value="/home/remi/Documents/QMUL/Dissertation/Code/patient/api"/>
    <property name="java.vm.compressedOopsMode" value="32-bit"/>
    <property name="line.separator" value="&#10;"/>
    <property name="java.vm.specification.vendor" value="Oracle Corporation"/>
    <property name="java.specification.name" value="Java Platform API Specification"/>
    <property name="surefire.real.class.path" value="/home/remi/Documents/QMUL/Dissertation/Code/patient/api/target/surefire/surefirebooter17771564711720468619.jar"/>
    <property name="sun.management.compiler" value="HotSpot 64-Bit Tiered Compilers"/>
    <property name="java.runtime.version" value="17.0.3+7"/>
    <property name="user.name" value="remi"/>
    <property name="path.separator" value=":"/>
    <property name="os.version" value="5.18.5-200.fc36.x86_64"/>
    <property name="java.runtime.name" value="OpenJDK Runtime Environment"/>
    <property name="file.encoding" value="UTF-8"/>
    <property name="java.vm.name" value="OpenJDK 64-Bit Server VM"/>
    <property name="java.vendor.version" value="21.9"/>
    <property name="localRepository" value="/home/remi/.m2/repository"/>
    <property name="java.vendor.url.bug" value="https://bugzilla.redhat.com/enter_bug.cgi?product=Fedora&amp;component=java-17-openjdk&amp;version=36"/>
    <property name="java.io.tmpdir" value="/tmp"/>
    <property name="java.version" value="17.0.3"/>
    <property name="user.dir" value="/home/remi/Documents/QMUL/Dissertation/Code/patient/api"/>
    <property name="os.arch" value="amd64"/>
    <property name="java.vm.specification.name" value="Java Virtual Machine Specification"/>
    <property name="native.encoding" value="UTF-8"/>
    <property name="java.library.path" value="/usr/java/packages/lib:/usr/lib64:/lib64:/lib:/usr/lib"/>
    <property name="java.vm.info" value="mixed mode, sharing"/>
    <property name="java.vendor" value="Red Hat, Inc."/>
    <property name="java.vm.version" value="17.0.3+7"/>
    <property name="sun.io.unicode.encoding" value="UnicodeLittle"/>
    <property name="java.class.version" value="61.0"/>
  </properties>
  <testcase name="greetingShouldReturnDefaultMessage" classname="com.cmd.hms.patient.test.PatientStatusTypeTest" time="0.017"/>
  <testcase name="IsDeletedTest" classname="com.cmd.hms.patient.test.PatientStatusTypeTest" time="0.003"/>
  <testcase name="updateStatus" classname="com.cmd.hms.patient.test.PatientStatusTypeTest" time="0.049"/>
  <testcase name="deleteStatus" classname="com.cmd.hms.patient.test.PatientStatusTypeTest" time="0.04"/>
  <testcase name="addStatus" classname="com.cmd.hms.patient.test.PatientStatusTypeTest" time="0.027"/>
  <testcase name="invalidUpdateStatus" classname="com.cmd.hms.patient.test.PatientStatusTypeTest" time="0.04"/>
  <testcase name="PatientStatusTest" classname="com.cmd.hms.patient.test.PatientStatusTypeTest" time="0.005"/>
  <testcase name="StatusIdTest" classname="com.cmd.hms.patient.test.PatientStatusTypeTest" time="0.004"/>
</testsuite>